0805()191130b	`                  	                        	                        	                        	                        	                        	                        	1	
0803(y)211833b	܂4         	                        	                        	                        	                        	                        	                        	4	
0731()051408b	l͂Ђ炻瓤    	Hׂ鎞A}V      	łB            	                        	                        	                        	                        	0	
0726()134051b	|P𖕎EI@|	                        	QPQTNB            	|PLQBҖP	{͂̒n|P	u|PEvWFN	                        	0	
0720(y)165802b	Tw[cB      	                        	                        	                        	                        	                        	                        	200	
0718()114448b	Ac              	                        	                        	                        	                        	                        	                        	0	
0714()111818b	L                  	                        	                        	                        	                        	                        	                        	1	
0530()020113b	                        	                        	lbg̓L`KC̓̒	݂ȏԂŃ`      	                        	                        	                        	201	
0527()181813b	qƏؓE    	͂肻Ƃ      	ƂɋCÂ          	Jオ̗[ł  	                        	                        	                        	0	
0507()212930b	Ȃ񂾂킩񂯂ǂ	                        	ł[                	                        	                        	                        	                        	200	
0505()144009b	Ȃől̓        	ȂłォH          	                        	                        	                        	                        	                        	0	
0331()075646b	łł  	                        	@by At@g         	                        	                        	                        	                        	0	
0326()024212b	Җ{RP        	쒆̏Ί          	悩I            	                        	                        	                        	                        	8	
0322()150534b	َh               	ȂɂȂłB        	                        	                        	                        	                        	                        	201	
0313()183356b	V[`L̏`        	Ȃ            	                        	                        	                        	                        	                        	4	
0312()150933b	                        	[`)  ȁc       	R)                     	ցR                    	                        	                        	                        	200	
0311()081532b	I                  	I                  	I                  	                        	                        	                        	                        	200	
0308()105558b	ll            	͂肽ł        	                        	                        	                        	                        	                        	0	
0304()055310b	                        	                        	                        	@ǓɌł  	                        	                        	                        	0	
0304()054928b	悭Ăł  	ׂ҂񂳂Ȃ        	܂g킸    	ق炱̂Ƃł    	                        	                        	                        	201	
0304()054822b	@   _             	                        	@   Ɓ@           	                        	@                   	                        	                        	201	
0304()054502b	@S_            	                        	@؁@Ɓ@          	                        	@               	                        	                        	201	
0304()054340b	JLRłł`    	łłł`    	Ł```iPj      	                        	-----@@----       	iPj^P_      	@@@R}\̐߂    	200	
0304()053829b	JLRł      	                        	                        	                        	                        	                        	                        	0	
0104()144716b	܂              	߂łƂ              	낵              	                        	                        	                        	                        	0	
1101()073246b	͑              	؂̎q            	ɎĂł      	                        	                        	                        	                        	200	
1030()190853b	A_E}E          	אÍ]ɎĂł	                        	                        	                        	                        	                        	0	
0926()145422b	E吅            	                        	                        	                        	                        	                        	                        	4	
0909()191926b	͗l          	                        	                        	                        	                        	                        	                        	0	
0908(y)015426b	΂[                	L\o                	                        	                        	                        	                        	                        	4	
0822()214548b	gWj[EC^	                        	                        	                        	                        	                        	                        	0	
0822()214419b	gWj[q      	                        	                        	                        	                        	                        	                        	1	
0821()010214b	傤      	                        	                        	                        	                        	                        	                        	0	
0816()161629b	ЉЉ            	΂΂΂΂        	ꂥcM            	ȌՂ                	傢              	                        	                        	0	
0811(y)151927b	fu                  	`mp֎~          	                        	                        	                        	                        	                        	0	
0809()115133b	N̂QSԃer  	roddc            	us׍Hȓz        	[jOB        	~vƂ            	RZvgŃ`E      	                        	200	
0731()064835b	\l̏тЂƂ      	                        	                        	                        	                        	                        	                        	200	
0731()063803b	                        	Ƃ̋erG[      	                        	                        	                        	                        	                        	201	
0730()083242b	I][OLVRl    	                    	                        	                        	                        	                        	                        	0	
0729()114005b	R                	R                	                        	A`                	R              	                        	                        	0	
0721(y)004308b	{PĂEE          	                        	                        	                        	                        	                        	                        	201	
0717()212424b	CeΌLW        	                        	                        	                        	                        	                        	                        	200	
0710()151508b	@@@@                	@@@@ STAR-WARS      	@                      	@@dohrncd@VI  	                        	@W_C@́@\KQ	                        	4	
0703()125423b	S}L`  	X}LB      	o̓X}^ӂ	X̂Ƃ          	`}L`          	                        	                        	2	
0630(y)075102b	}[V[̂X      	܂́H            	                        	                        	                        	                        	                        	0	
0627()143125b	}[tB̓ؑ          	                        	                        	                        	                        	                        	                        	0	
0619()070816b	c`Cb        	                        	                        	                        	                        	                        	                        	0	
0615()090227b	ėǔ͈BR      	͂Ăł        	                        	                        	                        	                        	                        	0	
0612()044223b	悠ꂪp      	                        	                        	                        	                        	                        	                        	0	
0531()151213b	sJh                	                        	                        	                        	                        	                        	                        	0	
0523()111234b	    /|@ /|             	   / |@/ |             	  /@܁@@             	 /_@ ߶          	(Z `@Z              	҂Ă݂ł    	                        	0	
0521()105908b	Xۂ  	͂˂݂łB        	oq̒Ԃ            	ƃs[RłB    	Ȃ̂łB        	                        	                        	0	
0518()133158b	ꂷ邩            	`|          	                        	                        	                        	                        	                        	0	
0516()012713b	Ocg[qYRbv	                        	                        	                        	                        	                        	                        	6	
0516()012535b	rsnoIOcgN  	                        	                        	                        	                        	                        	                        	0	
0508()074323b	X[p[ɍs      	َq          	dC˂݂Ȃ      	ʂ̂˂݂ɐ苒        	ĂłEE      	                        	                        	201	
0503()060857b	yyyy                	                        	                        	                        	                        	                        	                        	1	
0416()062457b	                        	                        	   ````       	                        	                        	   ƒ|I             	                        	200	
0415()042205b	򏃈Y͔      	~}ł        	                        	                        	                        	                        	                        	0	
0411()061136b	}ULp̂        	ȒPɂ͂ꂽ      	̉Rł            	                        	                        	                        	                        	201	
0410()213447b	p̉ɂĂ  	ɂ͂      	@          	m[x܂̂ł    	                        	                        	                        	200	
0408()083434b	`őDl̒  	OEIH      	                        	                        	                        	                        	                        	0	
0331(y)221645b	mĂĂIH        	     `T̓m`   	                        	NƂ͂̂˂̂˂  	obNoh̃o[  	ł  	                        	201	
0327()124504b	VAgnӃ}i[Y  	                        	                        	                        	                        	                        	                        	200	
0326()205101b	Ȃ肩          	̂܂܂񂮂        	ŵтĂ        	Q̂ɉ    	\                    	                        	ł                  	0	
0313()081558b	҂イIc҂イI  	͂͂͂͂c      	                        	                        	                        	                    	                        	0	
0308()131842b	҂҂`҂`        	(޷̂@    	ް)           	                        	                        	                        	                        	200	
0308()001328b	sJ                    	                        	                        	                        	                        	                        	                        	0	
0307()223042b	In Gandhara, Gandhara   	Ő it was in India@  	                        	                        	                        	                        	                        	0	
0306()164109b	                        	@@@@@߱           	                        	                        	                        	                        	                        	201	
0301()182509b	                        	҂͐lC҂ł	                        	                        	                        	                        	                        	3	
0227()100402b	ł              	ł              	\[Xł            	܂₫          	\[Xł            	                        	                        	201	
0226()075605b	u`Hv          	                        	                        	ur[tłv      	                        	                        	                        	200	
0226()061336b	`R[g            	                        	ȂȂ́H      	                        	A                	                        	                        	0	
0224(y)084154b	҂͂ۂg    	p^[St          	Ƃł            	                        	                        	                        	                        	0	
0224(y)000507b	ȏ            	拃            	                        	                        	                        	                        	                        	9	
0223()161325b	                        	@@@@        	                        	                        	                        	                        	                        	201	
0221()110422b	              	              	E              	E              	@@@@E              	@@@@              	@@@@                	2	
0221()044027b	@@@@@            	@@@@@@          	@              	              	              	              	              	200	
0220()114623b	                        	@@ČN    	                        	                        	                        	                        	                        	200	
0219()111106b	                        	@~͂悭lʂȂ  	                        	                        	                        	                        	                        	1	
0217(y)022153b	IWW[X      	iH          	IWW[X      	                	                        	                        	                        	1	
0216()135617b	The肳in TODAY 	                        	ڌcqƐ݂q  	͎Ăł          	                        	イ̃h}    	炱킢                	0	
0214()202325b	xcт̗lB          	                        	@`Ƃ񂾃Jbv`    	                        	                        	                        	                        	201	
0214()174005b	@                      	@@@҂        	                        	                        	                        	                        	                        	201	
0213()214124b	`  R [             	                        	           (`DL)      	                        	                        	                        	                        	0	
0209()191206b	                        	@@\HĂ      	                        	                        	                        	                        	                        	200	
0209()102804b	                        	                        	ݕV[̃Ao    	                        	                        	                        	                        	0	
0208()142615b	hJX                	hgX                	ZKTZ              	                        	                        	                        	                        	0	
0206()151609b	햱ǂ낶    	āA                  	                        	WɊiȁB	طW    	                        	                        	0	
0203(y)023729b	hLX`	                        	                        	                        	                        	                        	                        	200	
0202()064447b	ɂ͂Ɓ``          	Rm`                	                        	                        	@@@@lXł      	                        	                        	0	
0202()053941b	S[Xg                	@`j[[N̕	                        	                        	                        	                        	                        	201	
0201()143253b	                        	@@@@`Js[      	                        	                        	                        	                        	                        	200	
0201()051402b	                        	                        	Ƃ肯ꂽnNV  	                        	                        	                        	                        	0	
0130()082605b	HJC            	                        	                        	                        	                        	                        	                        	11	
0129()162239b	҂͎̎蕿      	悤ȍt  	Ȃ񂾂ȁB          	ƁA                  	Kvȏɒ鍁t    	                        	                        	0	
0129()125154b	                        	@@@@᳻޲          	                        	                        	                        	                        	                        	201	
0128()080855b	旎P          	                        	                        	                        	                        	                        	                        	200	
0128()044910b	                        	                        	@N[h`A        	@Ȃł@@  	                        	                        	                        	0	
0126()162136b	```            	                        	̏\ˁ`          	                        	                        	                        	                        	4	
0126()160300b	҂ɂ          	ǂȏł            	ǂ݂ǂ肾[    	҂                	                        	                        	                        	0	
0125()192209b	܈                   	                        	                        	                        	                        	                        	                        	7	
0124()151004b	                        	҂[              	͕˂            	                        	                        	                        	                        	0	
0124()100941b	                        	                        	    ``            	                        	                        	                        	                        	200	
0121()004547b	                        	                        	CpN            	                        	                        	                        	                        	201	
0117()080812b	͂炳񂪓nӒʂ  	                        	                        	                        	                        	                        	                        	0	
0115()095821b	،͂炵                	qE                  	                        	                        	                        	                        	                        	0	
0114()055036b	˂ނ`悢``    	                        	                        	                        	                        	                        	                        	201	
0112()081621b	                	p\RbNh        	ɂƂ                	т          	G߂                  	ȂĂł        	                        	10	
0106(y)182623b	                        	                        	@@@p_      	                        	                        	                        	                        	200	
0106(y)044418b	                        	@ׂ҂񂳂          	@                      	@̓        	                        	@|D              	                        	201	
0104()165828b	אӂ݂            	ւ                  	݂ĂȂłイB    	                        	                        	                        	                        	3	
0104()133412b	                        	                        	                        	@@݂ł      	                        	                        	                        	0	
0103()153628b	                        	@@JȂ      	                        	                        	                        	                        	                        	201	
0102()090851b	                        	u[            	@O`v      	                        	u񂽂̂߂        	@ƂႤIv  	                        	200	
0101()115548b	f̂[ӂ    	Ǘl̂N    	ɉhS          	F\グ܂      	{N낵      	wƂڝ̒      	肢\グł@	0	
0101()001818b	߂ł          	                        	                        	                        	                        	                        	                        	0	
1228()151404b	                        	@@ՐU镑    	                        	                        	                        	                        	                        	0	
1228()151156b	                        	@@@E        	                        	                        	                        	                        	                        	3	
1228()065541b	                        	                        	@@                	@@̗K邩    	@@ł              	                        	                        	7	
1228()065437b	@                      	wՂ                	ãp`    	Ƃ              	΂̎vłł  	                        	                        	200	
1228()065218b	@@@@                	                        	WinkĂłI      	                        	͂````        	͂``````    	                        	0	
1228()065033b	                        	                        	                        	@J[̂@l        	                        	                        	                        	4	
1228()064848b	@킪Ƃł            	@^ChJ[    	@Xv[܂        	@gĂł        	                        	                        	                        	200	
1228()064730b	                        	                        	                        	@@ChlI    	                        	                        	                        	201	
1228()064547b	                        	                        	ۂۚXł  	                        	                        	                        	                        	0	
1226()114154b	                        	OA            	                        	                        	                        	                        	                        	0	
1225()060127b	_@@@@^            	@_@@^              	@@_^                	@@^_                	@^@@_              	^@@@@_@܂      	                        	0	
1224()054105b	                        	                        	NT^ǂ      	̉g    	ȂĂ        	                        	                        	2	
1222()120929b	                      	                      	 @@@/|@ /|        	 @ @/ |@/ |        	 @@/@܁@@        	@@@/_@@        	@@ (Z `@Z         	0	
1221()171125b	                        	                        	@@@@@          	                        	                        	                        	                        	0	
1220()115436b	                        	҂̐B            	ǂł҂H      	                        	                        	                        	                        	200	
1218()155112b	                        	                        	~bL[P            	                        	                        	                        	                        	201	
1218()101752b	                        	_ȒʂĂ悤ȷ	ɂƂȂȁ[	                        	                        	                        	                        	201	
1216(y)043050b	                        	  َm܂ŁI        	                        	                        	                        	                        	                        	200	
1216(y)005144b	                        	                        	                        	@@@@匊          	                        	                        	                        	0	
1214()194054b	                        	                        	@@@@ז          	                        	                        	                        	                        	0	
1214()025631b	                        	                        	@@CN̓X  	                        	                        	                        	                        	0	
1214()002134b	ǂɉBĂ          	ްقɌ        	                        	                        	W_                  	                        	                        	0	
1213()213245b	              	              	              	              	              	              	                        	0	
1212()173850b	[^I          	̂ƃ^    	Č̂J  	܂Ȃł    	                        	                        	                        	0	
1211()134419b	ICQɈ͂܂Ă         	                        	                        	                        	                        	                        	                        	200	
1211()130539b	҂ׂ͂ȏ  	炢ł            	ł            	              	ł        	                        	                        	0	
1210()054121b	                        	                        	@炪G            	@͂łȂł      	                        	                        	                        	200	
1210()051146b	                        	                        	@KƂ              	@||傤      	@邱Ƃł        	                        	                        	201	
1208()154118b	肷                	܂̂Ƃ          	O              	₦鐺            	Ƃɕs            	                        	҂イ~          	201	
1208()081043b	ɐ                	Ăł      	                        	                        	                        	                        	                        	200	
1207()193650b	lƂ                	pׂƂ          	pʓz                	ʐS              	Ȃ肯          	                        	҂イ              	0	
1206()105624b	҂                  	lC҂ł        	ł              	ł                	                        	                        	                        	0	
1206()103108b	҂                  	                  	Zт            	Ă܂            	                        	@@@@@@@sJ~  	                        	0	
1206()060009b	āAN          	NX}X        	r҂        	Ăł  	                        	                        	                        	0	
1206()055857b	                        	@΃t@[rB  	@ȂĂ̂          	@ł        	                        	                        	                        	201	
1205()162958b	                        	ONEEEEEEEEEEEE     	Ə٧!         	                        	                        	                        	                        	0	
1205()132852b	҂                  	s         /|@ /|  	匙        / |@/ |  	@@@@@@@/@܁@@ 	@ @@@@@/_@ʁ@ 	@@@@@@(Z `@Z  	                        	10	
1203()164219b	҂ꂷہ[        	                        	                        	                        	                        	                        	                        	200	
1203()075814b	                        	                        	@EƑI̎R        	@@                    	@͂́`            	                        	                        	0	
1203()022811b	t@t@卲        	߂                	                        	                        	                        	                        	                        	0	
1201()122505b	j[[N          	NX}Xc[      	gd͂          	W͂҂d        	                        	                        	                        	0	
1128()050416b	Aڂ|P  	悤ɔł݂ł  	                        	I                  	                        	                        	                        	0	
1127()151603b	ՎUƂĂ          	                        	                        	                        	                        	                        	                        	200	
1123()075537b	傤                	ȂɂĂ    	                        	                        	@@@            	                        	                        	201	
1121()080740b	kl̏gPVE    	                        	                        	                        	                        	                        	                        	0	
1121()080120b	Ăł        	                        	                        	                        	                        	                        	                        	200	
1120()190422b	l͓̎g~~      	                        	                        	                        	                        	                        	                        	3	
1119()075345b	ꂪ΂        	Ƃ            	hs˂              	                        	@@@              	                        	@@@                  	0	
1119()075142b	              	                        	                        	                        	@@Ƃ              	                        	                        	15	
1119()075036b	ɂ͂Ȃ          	Ă񂶂ˁ[      	                        	                        	@@̂Ȃ              	                        	                        	8	
1114()035644b	|f邩        	                        	                        	                        	                        	                        	                        	201	
1112()183127b	20΂̂҂オ        	̂g摜ōr҂    	                        	                        	                        	                        	                        	0	
1112()055509b	Q[eXg	Uꂽl        	\͂ŒToƂ    	b͂ǂȂ      	łォH              	                        	                        	200	
1105()024818b	@@Q        	                        	@_ltyddddd	                        	@@@@@@@@@@~	                        	                        	0	
1102()082459b	                        	N                    	sNfBw        	oĂłォH      	                        	                        	                        	201	
1030()052802b	                        	                        	̊ۂêق    	̂悤ȋCł	                        	                        	                        	0	
1023()145526b	                        	^񃀃JˁI	                        	                        	                        	                        	                        	0	
1021(y)141054b	                        	                  	                        	łĂ                	                        	R݂              	                        	0	
1017()142758b	                        	                        	@@@@іG        	                        	                        	                        	                        	0	
1012()191550b	~jɂo      	                        	mbN̂ƂH        	                        	                        	                        	                        	0	
1012()070517b	z㉮                  	                        	AW[m    	                        	                        	                        	                        	0	
1010()112527b	y򔪘YVh[  	                        	                        	                        	                        	                        	                        	0	
1008()183243b	                        	@@@AJ        	@@   ڂ         	@@@        	@@@ @{N           	                        	                        	201	
1008()021546b	 @@ /|@ /|           	@@ / |@/ |           	@@/@܁@@           	 /_@@           	@(Z `@Z            	                        	                        	0	
1008()004730b	                        	RVgjb@        	@@                    	@@@@@@@΁`    	                        	                        	@@@~VFrb`    	201	
1006()004609b	[`han      	                        	Ȃ񂾂v[`      	Ⴖ˂      	@                      	@                      	@@@v[`          	0	
1005()214301b	                        	ȂMr. 	                        	                        	                        	                        	                        	200	
1004()032147b	|PuEU        	Sʕ\ONLY          	Ȃ̂ŎgÂ炢ł  	                        	                        	http://www.mediabrowser 	.com/browsers/nintendo/ 	2	
0929()021241b	͏        	p[ĝ΂ɂ  	m}100MۂĂ   	炵Ń`            	                        	                        	                        	0	
0928()135124b	                        	@@s`EĂȂ  	@@RX            	                        	                        	                        	                        	0	
0928()050610b	                        	                        	                        	@ꈬ̐jȂ        	                        	                        	                        	0	
0923(y)042528b	                        	                        	                        	_bVɓނ؂    	                        	                        	                        	201	
0922()083056b	                        	                        	                        	MS-DOS[hōC	                        	                        	                        	0	
0922()044959b	                        	                        	                        	@ECiqj    	                        	                        	                        	0	
0920()114740b	rJ`E              	                        	                        	                        	                        	                        	                        	201	
0919()011706b	ڂ͂B	                        	                        	                        	                        	                        	                        	200	
0916(y)005558b	                        	ψAHłˁEE  	                        	                        	                        	                        	                        	3	
0915()023850b	                        	                        	                        	I[Pq          	Ȃ肽                	                        	                        	0	
0913()034447b	                        	                        	[ȓnȂ	                        	                        	                        	                        	201	
0911()070345b	T̃UE肳  	                        	r؍L񕔒          	QCcɎĂł    	                        	                        	                        	200	
0909(y)033131b	                        	㋞^PmR  	肽ł          	                        	                        	                        	                        	0	
0905()141452b	̏oX͂߂	                        	                        	                        	                        	                        	                        	200	
0904()080617b	                        	㔼΂      	Ă݂ł`      	                        	                        	                        	                        	0	
0831()200841b	}                	pCp[              	                        	                        	                        	                        	                        	201	
0828()015336b	                        	Pg[AJf~[܂	̂lƂ̂        	قƂłォH        	                        	                        	                        	201	
0827()054042b	                        	                        	                        	@܃op[      	                        	                        	                        	0	
0823()052502b	T̏Ռ̐V  	                        	L\oj[          	̂͏׎qł    	                        	                        	                        	0	
0822()230158b	X^[C[X^C[  	                        	                        	X^[C[X^C[  	                        	                        	                        	0	
0821()073004b	                        	                        	V~[Y̎Y        	                        	                        	                        	                        	2	
0821()042355b	                        	                        	ɓdbłイ    	                        	                        	                        	                        	200	
0819(y)082932b	fJPgLn          	XYj              	                        	                        	                        	                        	                        	201	
0817()082011b	                        	                        	                        	                        	  EEEEEEE        	                        	                        	1	
0809()014318b	Ȃ񂩂Ȃ      	͌񂾂	Wj[{[CII      	http://ss8.sexshare.com/	%7Epinks1/blonde3/      	page_01.htm             	                        	0	
0806()183159b	                        	                        	@܂ł              	@Ȃ    	                        	                        	                        	201	
0806()182842b	                        	                        	                        	߂              	Ă낳    	                        	                        	200	
0806()055045b	                        	                        	@@@@@        	                        	                        	                        	                        	0	
0806()052205b	萅              	nĂ                	ȂȂ      	Ȃ                	                        	                        	                        	0	
0803()031133b	                  	N[h`A        	̂Ă񂶂          	Ȃł              	                        	                        	                        	13	
0802()060147b	nso[Xf[          	񂿂              	                        	                        	                        	                        	                        	2	
0726()083744b	؏@j̃m}l      	łł            	                        	ijႂłƂ	@@@              	                        	                        	0	
0724()020004b	                        	                        	FΏ܂̓vbc      	W|jJwK        	łイ          	                        	                        	1	
0721()053904b	                        	N΂      	WȊF΂ł	                        	                        	                        	                        	0	
0721()022132b	[ÔLcc            	                        	                        	                        	                        	                        	                        	0	
0721()022024b	Ȃނ邤łィ  	                        	                        	                        	                        	                        	                        	2	
0718()000539b	SWԐQłイ	                        	                        	                        	                        	                        	                        	200	
0717()080123b	                        	                        	@쌛ꂤ          	                        	                        	                        	                        	0	
0717()025226b	߂                	                  	ꂽ񂾂H      	                        	                        	                        	                        	11	
0713()100548b	                        	                        	      chankoro shine.   	                        	                        	                        	                        	0	
0713()063548b	                        	                        	                        	҉QAq         	                        	                        	                        	201	
0712()014904b	}̓dԂ́A          	ԂƂ̉      	fBɂȂĂł	                        	l    	΂bł  	                        	0	
0712()011838b	bICbINbI      	CNbII            	                        	N̎S̐lA      	΂񃉃NĂ      	łB                	                        	0	
0712()011632b	                      	łB            	zg͐Qłł	                        	                        	                        	                        	0	
0711()011446b	킽ĐQĂȂ    	łII              	                        	                        	                        	                        	                        	0	
0709()075409b	ߗRq              	FI              	܂ςł      	                        	                        	                        	                        	0	
0706()223237b	                        	                        	@@@@ɓ          	                        	                        	                        	                        	1	
0706()155447b	                  	Ă͂Ђ        	GQ[łイB      	                        	                        	                        	                        	201	
0706()144956b	                        	E                  	a                  	܂悤          	                        	                        	                        	0	
0705()114026b	҂̖ڂ͂H	                        	P_              	QiCXȔ    	RǗl̂܂      	SI            	                        	14	
0704()044716b	                        	                        	                        	@ǂƍ            	                        	                        	                        	0	
0701(y)033953b	fBAuU            	                    	ł                    	߯                 	ǂ              	                        	؂̂Ă܂B      	0	
0630()015246b	                        	                        	@Rs[@̗      	@Tł            	                        	                        	                        	0	
0624(y)003837b	F1 F17        	                        	bIII          	                        	                        	                        	                        	0	
0623()160752b	                        	                        	RłIIII	                        	                        	                	                        	0	
0623()094353b	₵Ȃ҂  	                        	                        	                        	                        	                	                        	100	
0623()072442b	oXsoXs    	oXPbgs|    	łǂł    	łł    	oXPbgs|    	[[        	                        	201	
0620()122939b	݂͂Ƃ      	                        	БɂȂ̂      	                        	ȂłォH          	                        	                        	0	
0620()032816b	F3 F5         	                        	(_;)                 	                        	                        	                        	                        	0	
0617(y)224203b	                        	                        	                        	                        	                        	            s\|\ł	                        	0	
0616()142946b	                        	                        	                        	ށ``ǂ            	                        	                        	                        	0	
0616()001310b	}sk            	                        	ւ              	                        	                        	                        	                        	0	
0615()194008b	[EEE            	                        	                        	                        	                        	                        	                        	1	
0614()234537b	fBAuU            	                        	                        	                        	                        	                        	                        	0	
0614()012124b	E҂              	                        	                        	                        	                        	                        	                        	0	
0613()231054b	񂹂@[ȂB  	                        	@݂ȂA[ȂB	                        	                        	                        	                        	0	
0613()043337b	\j[^C}[          	łイ            	                        	                        	                        	                        	                        	0	
0612()085630b	no[Ỏ      	x[R͂  	Hׂɂł        	                        	                        	                        	                        	200	
0612()021050b	```            	                        	@```B    	                        	                        	                        	                        	0	
0611()213709b	                        	@@@@@@@@@@@@	@@@@@@@@@@@@	@@@@@@@@@@@@	@@@@@@@@@@@@	@@@@@@@@@@@@	@@@@@@@@@@@@	4	
0611()213501b	------------------------	₵҂      	   @@ /|@ /|         	@@ / |@/ |           	@@/@܁@@           	 /_@@           	@(Z `@Z            	16	
0611()213334b	҂҂イイ    	҂イイI      	                        	                        	                        	                        	                        	0	
0611()125821b	` R(LD`)m Ձ`	` @i@@j@`       	` @m ցR@ `       	N                    	^LՂ肾ˁB    	                        	                        	0	
0607()060548b	~I```          	                        	XbgII            	                        	                    	݂Ȃōlł    	                        	200	
0607()060126b	                        	                        	@ł      	                        	                        	                        	                        	201	
0607()002143b	                	                        	                        	                        	                        	                        	                        	0	
0606()071858b	qdw{Kwbh      	                        	ł                	                        	                        	                        	                        	0	
0606()000020b	gR}`[C      	                        	ł          	                        	                        	                        	                        	1	
0602()010610b	                        	܂񂱏                	                        	o                    	                        	                        	                        	5	
0601()013225b	P^bL[          	^CJ[            	NXs[`L      	ƎsI          	                        	ʂ̂ł      	                        	0	
0531()074324b	̃J[  	vłEE      	                        	                        	낲ҁ`            	                        	Ǝł      	0	
0531()010006b	p̍ɁXł	                        	                        	                        	                        	                        	                        	0	
0530()194307b	̂͐ŐHB      	Ƃ댯            	肪悤ƂB      	                        	                        	                        	                        	201	
0527(y)174753b	              	T                 	T=~  R    R   	                	                        	                        	                        	0	
0527(y)174651b	    R          	Ё ͘         	                	                        	                        	                        	                        	10	
0526()002513b	                        	                        	                        	@@Ԃ肪Ԃ      	                        	                        	                        	0	
0524()133733b	                        	                        	                        	  ؁R(LD`)m  	                        	                        	                        	200	
0524()094816b	E̓łB      	                        	                        	                        	                        	                        	                        	0	
0523()172300b	sNfBw        	                        	ǂłォH    	                        	                        	                        	                        	0	
0521()084200b	T̃UE肳  	                        	@MqxK    	                        	                        	@@@ł            	                        	200	
0521()063849b	lbgACh̑oΌ	                        	v                  	@@@@            	@@@@@@@Ă    	                        	                        	0	
0520(y)054934b	[ÔL[@@@@@	                        	                        	                        	                        	                        	                        	0	
0520(y)012310b	zɂق          	GfBÓA  	ɖ邢łB      	x킪܂  	GfBÓA  	qvX[  	łB            	0	
0519()184226b	Ƃ        	݂ȂPS΂ƂPT  	łイ                	݂ȊwZT{      	ĂłˁB      	҂҂҂o` 	                        	1	
0519()051748b	T̋ƊE}ʐM	                        	̂ё̐̐l        	R̂ԑ            	̂ł	                        	l̐Eł      	0	
0519()004451b	̂ё̐            	hWl̐A      	ĒmƂ  	AqȂ	vI              	łYESENO܂ 	ӖI        	1	
0516()162237b	Ƃ              	{bL[̉Ȋw͂    	ゾ              	                        	                        	                        	                        	201	
0516()134554b	`      	Ł```            	`      	Ł```            	łłłł	͂͂͂            	        	200	
0516()041232b	oCL}          	Ȋw͕肪        	                        	                        	                        	                        	                        	0	
0515()173046b	o`                     	                        	                        	                        	                        	                        	                        	200	
0515()161238b	                  	_ˉXg        	                        	                        	                        	                        	                        	0	
0515()161131b	搶ɂĂ݂ȁ`      	                        	                        	                        	                        	                        	                        	5	
0515()160555b	ƗECFB  	Ap}        	{͗FBȂB      	                        	                        	                        	                        	12	
0514()150839b	inɁA̐ł  	                        	AB    	                        	                        	                        	                        	0	
0513(y)205833b	Ȃ              	                        	ӂǂˁH    	                        	                        	                        	                        	201	
0513(y)113802b	            	            	킸Vu          	            	            	            	Ղ񂠂  	201	
0512()101640b	CX^ĝ      	Ⴂ킩          	ā`                	                        	                        	                        	                        	0	
0511()233937b	΂``          	΂`΂`        	΂`΂`        	````              	Ⴂ̂킩j          	˂ӂ[      	Ԃ                	0	
0510()225535b	AAĂ          	                        	                        	                        	                        	                        	                        	8	
0510()212533b	́`                	̂                  	̍                	                        	                        	                        	                        	0	
0510()164807b	                        	                        	bs`                	jՂ߂ȂII    	킢        	                        	                        	0	
0508()231639b	T͂Ăł  	                        	T                    	                        	                        	                        	                        	0	
0508()181043b	                        	                        	eB~X`R      	Ȃł      	                        	                        	                        	200	
0508()083151b	EH[[II  	                        	                        	                        	                        	                        	                        	0	
